<?xml version="1.0" encoding="UTF-8"?>
<testsuite name="demo.CucumberRunner" tests="0" skipped="0" failures="0" errors="0" timestamp="1970-01-01T00:00:00" hostname="NAUVAL-PC" time="0.0">
  <properties/>
  <system-out><![CDATA[  ?[32mGiven ?[0m?[32mUser open website ?[0m?[32m?[1m"https://www.phptravels.net/"?[0m                                  ?[90m# demo.stepdefinition.HomeStepDefinition.userOpenWebsite(java.lang.String)?[0m
  ?[31mWhen ?[0m?[31mUser is at home page?[0m                                                              ?[90m# demo.stepdefinition.HomeStepDefinition.userIsAtHomePage()?[0m
      ?[31morg.openqa.selenium.TimeoutException: Expected condition failed: waiting for presence of element located by: By.xpath: //header//div[@class = "header-logo go-right"] (tried for 30 second(s) with 500 milliseconds interval)
	at org.openqa.selenium.support.ui.WebDriverWait.timeoutException(WebDriverWait.java:95)
	at org.openqa.selenium.support.ui.FluentWait.until(FluentWait.java:272)
	at pageobjects.WebPageObject.waitUntilDisplayed(WebPageObject.java:23)
	at demo.pages.WebHomepage.isOnPage(WebHomepage.java:12)
	at demo.stepdefinition.HomeStepDefinition.userIsAtHomePage(HomeStepDefinition.java:16)
	at âœ½.User is at home page(file:///C:/Users/Nauval%20Shafiq/IdeaProjects/Simbad_Test/src/test/resources/features/Problem_B.feature:6)
Caused by: org.openqa.selenium.NoSuchElementException: no such element: Unable to locate element: {"method":"xpath","selector":"//header//div[@class = "header-logo go-right"]"}
  (Session info: chrome=86.0.4240.111)
For documentation on this error, please visit: https://www.seleniumhq.org/exceptions/no_such_element.html
Build info: version: '3.141.59', revision: 'e82be7d358', time: '2018-11-14T08:17:03'
System info: host: 'NAUVAL-PC', ip: '192.168.1.8', os.name: 'Windows 10', os.arch: 'amd64', os.version: '10.0', java.version: '11.0.8'
Driver info: org.openqa.selenium.chrome.ChromeDriver
Capabilities {acceptInsecureCerts: false, browserName: chrome, browserVersion: 86.0.4240.111, chrome: {chromedriverVersion: 86.0.4240.22 (398b0743353ff..., userDataDir: C:\Users\NAUVAL~1\AppData\L...}, goog:chromeOptions: {debuggerAddress: localhost:52385}, javascriptEnabled: true, networkConnectionEnabled: false, pageLoadStrategy: normal, platform: WINDOWS, platformName: WINDOWS, proxy: Proxy(), setWindowRect: true, strictFileInteractability: false, timeouts: {implicit: 0, pageLoad: 300000, script: 30000}, unhandledPromptBehavior: dismiss and notify, webauthn:virtualAuthenticators: true}
Session ID: 8d296c514e8467a32569ee56db799880
*** Element info: {Using=xpath, value=//header//div[@class = "header-logo go-right"]}
	at java.base/jdk.internal.reflect.NativeConstructorAccessorImpl.newInstance0(Native Method)
	at java.base/jdk.internal.reflect.NativeConstructorAccessorImpl.newInstance(NativeConstructorAccessorImpl.java:62)
	at java.base/jdk.internal.reflect.DelegatingConstructorAccessorImpl.newInstance(DelegatingConstructorAccessorImpl.java:45)
	at java.base/java.lang.reflect.Constructor.newInstance(Constructor.java:490)
	at org.openqa.selenium.remote.http.W3CHttpResponseCodec.createException(W3CHttpResponseCodec.java:187)
	at org.openqa.selenium.remote.http.W3CHttpResponseCodec.decode(W3CHttpResponseCodec.java:122)
	at org.openqa.selenium.remote.http.W3CHttpResponseCodec.decode(W3CHttpResponseCodec.java:49)
	at org.openqa.selenium.remote.HttpCommandExecutor.execute(HttpCommandExecutor.java:158)
	at org.openqa.selenium.remote.service.DriverCommandExecutor.execute(DriverCommandExecutor.java:83)
	at org.openqa.selenium.remote.RemoteWebDriver.execute(RemoteWebDriver.java:552)
	at org.openqa.selenium.remote.RemoteWebDriver.findElement(RemoteWebDriver.java:323)
	at org.openqa.selenium.remote.RemoteWebDriver.findElementByXPath(RemoteWebDriver.java:428)
	at org.openqa.selenium.By$ByXPath.findElement(By.java:353)
	at org.openqa.selenium.remote.RemoteWebDriver.findElement(RemoteWebDriver.java:315)
	at org.openqa.selenium.support.ui.ExpectedConditions$6.apply(ExpectedConditions.java:182)
	at org.openqa.selenium.support.ui.ExpectedConditions$6.apply(ExpectedConditions.java:179)
	at org.openqa.selenium.support.ui.FluentWait.until(FluentWait.java:249)
	at pageobjects.WebPageObject.waitUntilDisplayed(WebPageObject.java:23)
	at demo.pages.WebHomepage.isOnPage(WebHomepage.java:12)
	at demo.stepdefinition.HomeStepDefinition.userIsAtHomePage(HomeStepDefinition.java:16)
	at java.base/jdk.internal.reflect.NativeMethodAccessorImpl.invoke0(Native Method)
	at java.base/jdk.internal.reflect.NativeMethodAccessorImpl.invoke(NativeMethodAccessorImpl.java:62)
	at java.base/jdk.internal.reflect.DelegatingMethodAccessorImpl.invoke(DelegatingMethodAccessorImpl.java:43)
	at java.base/java.lang.reflect.Method.invoke(Method.java:566)
	at io.cucumber.java.Invoker.doInvoke(Invoker.java:66)
	at io.cucumber.java.Invoker.invoke(Invoker.java:24)
	at io.cucumber.java.AbstractGlueDefinition.invokeMethod(AbstractGlueDefinition.java:47)
	at io.cucumber.java.JavaStepDefinition.execute(JavaStepDefinition.java:29)
	at io.cucumber.core.runner.CoreStepDefinition.execute(CoreStepDefinition.java:66)
	at io.cucumber.core.runner.PickleStepDefinitionMatch.runStep(PickleStepDefinitionMatch.java:63)
	at io.cucumber.core.runner.ExecutionMode$1.execute(ExecutionMode.java:10)
	at io.cucumber.core.runner.TestStep.executeStep(TestStep.java:92)
	at io.cucumber.core.runner.TestStep.run(TestStep.java:64)
	at io.cucumber.core.runner.PickleStepTestStep.run(PickleStepTestStep.java:51)
	at io.cucumber.core.runner.TestCase.run(TestCase.java:104)
	at io.cucumber.core.runner.Runner.runPickle(Runner.java:71)
	at io.cucumber.junit.PickleRunners$WithStepDescriptions.run(PickleRunners.java:110)
	at io.cucumber.junit.FeatureRunner.runChild(FeatureRunner.java:135)
	at io.cucumber.junit.FeatureRunner.runChild(FeatureRunner.java:27)
	at org.junit.runners.ParentRunner$4.run(ParentRunner.java:331)
	at org.junit.runners.ParentRunner$1.schedule(ParentRunner.java:79)
	at org.junit.runners.ParentRunner.runChildren(ParentRunner.java:329)
	at org.junit.runners.ParentRunner.access$100(ParentRunner.java:66)
	at org.junit.runners.ParentRunner$2.evaluate(ParentRunner.java:293)
	at org.junit.runners.ParentRunner$3.evaluate(ParentRunner.java:306)
	at org.junit.runners.ParentRunner.run(ParentRunner.java:413)
	at io.cucumber.junit.Cucumber.runChild(Cucumber.java:199)
	at io.cucumber.junit.Cucumber.runChild(Cucumber.java:90)
	at org.junit.runners.ParentRunner$4.run(ParentRunner.java:331)
	at org.junit.runners.ParentRunner$1.schedule(ParentRunner.java:79)
	at org.junit.runners.ParentRunner.runChildren(ParentRunner.java:329)
	at org.junit.runners.ParentRunner.access$100(ParentRunner.java:66)
	at org.junit.runners.ParentRunner$2.evaluate(ParentRunner.java:293)
	at io.cucumber.junit.Cucumber$RunCucumber.evaluate(Cucumber.java:234)
	at org.junit.runners.ParentRunner$3.evaluate(ParentRunner.java:306)
	at org.junit.runners.ParentRunner.run(ParentRunner.java:413)
	at org.gradle.api.internal.tasks.testing.junit.JUnitTestClassExecutor.runTestClass(JUnitTestClassExecutor.java:110)
	at org.gradle.api.internal.tasks.testing.junit.JUnitTestClassExecutor.execute(JUnitTestClassExecutor.java:58)
	at org.gradle.api.internal.tasks.testing.junit.JUnitTestClassExecutor.execute(JUnitTestClassExecutor.java:38)
	at org.gradle.api.internal.tasks.testing.junit.AbstractJUnitTestClassProcessor.processTestClass(AbstractJUnitTestClassProcessor.java:62)
	at org.gradle.api.internal.tasks.testing.SuiteTestClassProcessor.processTestClass(SuiteTestClassProcessor.java:51)
	at java.base/jdk.internal.reflect.NativeMethodAccessorImpl.invoke0(Native Method)
	at java.base/jdk.internal.reflect.NativeMethodAccessorImpl.invoke(NativeMethodAccessorImpl.java:62)
	at java.base/jdk.internal.reflect.DelegatingMethodAccessorImpl.invoke(DelegatingMethodAccessorImpl.java:43)
	at java.base/java.lang.reflect.Method.invoke(Method.java:566)
	at org.gradle.internal.dispatch.ReflectionDispatch.dispatch(ReflectionDispatch.java:36)
	at org.gradle.internal.dispatch.ReflectionDispatch.dispatch(ReflectionDispatch.java:24)
	at org.gradle.internal.dispatch.ContextClassLoaderDispatch.dispatch(ContextClassLoaderDispatch.java:33)
	at org.gradle.internal.dispatch.ProxyDispatchAdapter$DispatchingInvocationHandler.invoke(ProxyDispatchAdapter.java:94)
	at com.sun.proxy.$Proxy2.processTestClass(Unknown Source)
	at org.gradle.api.internal.tasks.testing.worker.TestWorker.processTestClass(TestWorker.java:118)
	at java.base/jdk.internal.reflect.NativeMethodAccessorImpl.invoke0(Native Method)
	at java.base/jdk.internal.reflect.NativeMethodAccessorImpl.invoke(NativeMethodAccessorImpl.java:62)
	at java.base/jdk.internal.reflect.DelegatingMethodAccessorImpl.invoke(DelegatingMethodAccessorImpl.java:43)
	at java.base/java.lang.reflect.Method.invoke(Method.java:566)
	at org.gradle.internal.dispatch.ReflectionDispatch.dispatch(ReflectionDispatch.java:36)
	at org.gradle.internal.dispatch.ReflectionDispatch.dispatch(ReflectionDispatch.java:24)
	at org.gradle.internal.remote.internal.hub.MessageHubBackedObjectConnection$DispatchWrapper.dispatch(MessageHubBackedObjectConnection.java:182)
	at org.gradle.internal.remote.internal.hub.MessageHubBackedObjectConnection$DispatchWrapper.dispatch(MessageHubBackedObjectConnection.java:164)
	at org.gradle.internal.remote.internal.hub.MessageHub$Handler.run(MessageHub.java:412)
	at org.gradle.internal.concurrent.ExecutorPolicy$CatchAndRecordFailures.onExecute(ExecutorPolicy.java:64)
	at org.gradle.internal.concurrent.ManagedExecutorImpl$1.run(ManagedExecutorImpl.java:48)
	at java.base/java.util.concurrent.ThreadPoolExecutor.runWorker(ThreadPoolExecutor.java:1128)
	at java.base/java.util.concurrent.ThreadPoolExecutor$Worker.run(ThreadPoolExecutor.java:628)
	at org.gradle.internal.concurrent.ThreadFactoryImpl$ManagedThreadRunnable.run(ThreadFactoryImpl.java:56)
	at java.base/java.lang.Thread.run(Thread.java:834)
?[0m
  ?[36mWhen ?[0m?[36mUser choose to login?[0m                                                              ?[90m# demo.stepdefinition.HomeStepDefinition.userChooseToLogin()?[0m
  ?[36mAnd ?[0m?[36mUser input credential ?[0m?[36m?[1m"user@phptravels.com"?[0m?[36m ?[0m?[36m?[1m"demouser"?[0m                             ?[90m# demo.stepdefinition.HomeStepDefinition.userInputCredential(java.lang.String,java.lang.String)?[0m
  ?[36mAnd ?[0m?[36mUser click login?[0m                                                                   ?[90m# demo.stepdefinition.HomeStepDefinition.userClickLogin()?[0m
  ?[36mThen ?[0m?[36mUser is at home page?[0m                                                              ?[90m# demo.stepdefinition.HomeStepDefinition.userIsAtHomePage()?[0m
  ?[36mGiven ?[0m?[36mUser is at home page?[0m                                                             ?[90m# demo.stepdefinition.HomeStepDefinition.userIsAtHomePage()?[0m
  ?[36mWhen ?[0m?[36mUser input origin country ?[0m?[36m?[1m"Indonesia"?[0m                                             ?[90m# demo.stepdefinition.VisaStepDefinition.userInputOriginCountry(java.lang.String)?[0m
  ?[36mAnd ?[0m?[36mUser input destination country ?[0m?[36m?[1m"Australia"?[0m                                         ?[90m# demo.stepdefinition.VisaStepDefinition.userInputDestinationCountry(java.lang.String)?[0m
  ?[36mAnd ?[0m?[36mUser input date ?[0m?[36m?[1m"01-12-2020"?[0m                                                       ?[90m# demo.stepdefinition.VisaStepDefinition.userInputDate(java.lang.String)?[0m
  ?[36mAnd ?[0m?[36mUser click submit?[0m                                                                  ?[90m# demo.stepdefinition.VisaStepDefinition.userClickSubmit()?[0m
  ?[36mThen ?[0m?[36mUser is at visa detail form page?[0m                                                  ?[90m# demo.stepdefinition.VisaStepDefinition.userIsAtVisaDetailFormPage()?[0m
  ?[36mWhen ?[0m?[36mUser input name ?[0m?[36m?[1m"Demo"?[0m?[36m ?[0m?[36m?[1m"User"?[0m                                                     ?[90m# demo.stepdefinition.VisaStepDefinition.userInputName(java.lang.String,java.lang.String)?[0m
  ?[36mAnd ?[0m?[36mUser input email ?[0m?[36m?[1m"user@phptravels.com"?[0m                                             ?[90m# demo.stepdefinition.VisaStepDefinition.userInputEmail(java.lang.String)?[0m
  ?[36mAnd ?[0m?[36mUser input contact number ?[0m?[36m?[1m"0812000000"?[0m                                             ?[90m# demo.stepdefinition.VisaStepDefinition.userInputContactNumber(java.lang.String)?[0m
  ?[36mAnd ?[0m?[36mUser submit data?[0m                                                                   ?[90m# demo.stepdefinition.VisaStepDefinition.userSubmitData()?[0m
  ?[36mThen ?[0m?[36mUser see confirmation page?[0m                                                        ?[90m# demo.stepdefinition.VisaStepDefinition.userSeeConfirmationPage()?[0m
  ?[36mWhen ?[0m?[36mUser go to invoice detail page?[0m                                                    ?[90m# demo.stepdefinition.VisaStepDefinition.userGoToInvoiceDetailPage()?[0m
  ?[36mAnd ?[0m?[36mUser see invoice detail?[0m                                                            ?[90m# demo.stepdefinition.VisaStepDefinition.userSeeInvoiceDetail()?[0m
  ?[36mThen ?[0m?[36mUser compare data ?[0m?[36m?[1m"Demo"?[0m?[36m ?[0m?[36m?[1m"User"?[0m?[36m ?[0m?[36m?[1m"0812000000"?[0m?[36m ?[0m?[36m?[1m"Indonesia"?[0m?[36m ?[0m?[36m?[1m"Australia"?[0m?[36m ?[0m?[36m?[1m"01-12-2020"?[0m ?[90m# demo.stepdefinition.VisaStepDefinition.userCompareData(java.lang.String,java.lang.String,java.lang.String,java.lang.String,java.lang.String,java.lang.String)?[0m

    Embedding Proof of Failure [image/png 490522 bytes]

]]></system-out>
  <system-err><![CDATA[?[32m?[1m??????????????????????????????????????????????????????????????????????????????????????[0m
?[32m?[1m??[0m Share your Cucumber Report with your team at ?[36m?[1m?[4mhttps://reports.cucumber.io?[0m          ?[32m?[1m??[0m
?[32m?[1m??[0m Activate publishing with one of the following:                                    ?[32m?[1m??[0m
?[32m?[1m??[0m                                                                                   ?[32m?[1m??[0m
?[32m?[1m??[0m src/test/resources/cucumber.properties:          ?[36mcucumber.publish.enabled?[0m=?[36mtrue?[0m    ?[32m?[1m??[0m
?[32m?[1m??[0m src/test/resources/junit-platform.properties:    ?[36mcucumber.publish.enabled?[0m=?[36mtrue?[0m    ?[32m?[1m??[0m
?[32m?[1m??[0m Environment variable:                            ?[36mCUCUMBER_PUBLISH_ENABLED?[0m=?[36mtrue?[0m    ?[32m?[1m??[0m
?[32m?[1m??[0m JUnit:                                           ?[36m@CucumberOptions?[0m(publish = ?[36mtrue?[0m) ?[32m?[1m??[0m
?[32m?[1m??[0m                                                                                   ?[32m?[1m??[0m
?[32m?[1m??[0m More information at ?[36mhttps://reports.cucumber.io/docs/cucumber-jvm?[0m                 ?[32m?[1m??[0m
?[32m?[1m??[0m                                                                                   ?[32m?[1m??[0m
?[32m?[1m??[0m Disable this message with one of the following:                                   ?[32m?[1m??[0m
?[32m?[1m??[0m                                                                                   ?[32m?[1m??[0m
?[32m?[1m??[0m src/test/resources/cucumber.properties:          ?[36mcucumber.publish.quiet?[0m=?[36mtrue?[0m      ?[32m?[1m??[0m
?[32m?[1m??[0m src/test/resources/junit-platform.properties:    ?[36mcucumber.publish.quiet?[0m=?[36mtrue?[0m      ?[32m?[1m??[0m
?[32m?[1m??????????????????????????????????????????????????????????????????????????????????????[0m
]]></system-err>
</testsuite>
